<?xml version="1.0" encoding="UTF-8"?>
<!-- Generated by org.testng.reporters.JUnitXMLReporter -->
<testsuite ignored="0" hostname="VINODHs-MacBook-Pro.local" failures="7" tests="7" name="Linux-Chrome" time="11.039" errors="0" timestamp="2026-05-19T14:26:39 IST">
  <testcase classname="testCases.TC001_AccountRegistrationTest" name="verifyAccountCreation" time="0.167">
    <failure type="java.lang.AssertionError">
      <![CDATA[java.lang.AssertionError: 
at testCases.TC001_AccountRegistrationTest.verifyAccountCreation(TC001_AccountRegistrationTest.java:53)
at java.base/java.util.ArrayList.forEach(ArrayList.java:1541)
at java.base/java.util.concurrent.FutureTask.run(FutureTask.java:264)
at java.base/java.util.concurrent.ThreadPoolExecutor.runWorker(ThreadPoolExecutor.java:1128)
at java.base/java.util.concurrent.ThreadPoolExecutor$Worker.run(ThreadPoolExecutor.java:628)
at java.base/java.lang.Thread.run(Thread.java:829)
... Removed 19 stack frames]]>
    </failure>
  </testcase> <!-- verifyAccountCreation -->
  <testcase classname="testCases.TC_002LoginTest" name="verify_login" time="0.09">
    <failure type="java.lang.AssertionError" message="null">
      <![CDATA[java.lang.AssertionError: null
at testCases.TC_002LoginTest.verify_login(TC_002LoginTest.java:39)
at java.base/java.util.ArrayList.forEach(ArrayList.java:1541)
at java.base/java.util.concurrent.FutureTask.run(FutureTask.java:264)
at java.base/java.util.concurrent.ThreadPoolExecutor.runWorker(ThreadPoolExecutor.java:1128)
at java.base/java.util.concurrent.ThreadPoolExecutor$Worker.run(ThreadPoolExecutor.java:628)
at java.base/java.lang.Thread.run(Thread.java:829)
... Removed 19 stack frames]]>
    </failure>
  </testcase> <!-- verify_login -->
  <testcase classname="testCases.TC_003LoginDDT" name="verify_login" time="0.127">
    <failure type="java.lang.AssertionError" message="null">
      <![CDATA[java.lang.AssertionError: null
at testCases.TC_003LoginDDT.verify_login(TC_003LoginDDT.java:61)
at java.base/java.util.ArrayList.forEach(ArrayList.java:1541)
at java.base/java.util.concurrent.FutureTask.run(FutureTask.java:264)
at java.base/java.util.concurrent.ThreadPoolExecutor.runWorker(ThreadPoolExecutor.java:1128)
at java.base/java.util.concurrent.ThreadPoolExecutor$Worker.run(ThreadPoolExecutor.java:628)
at java.base/java.lang.Thread.run(Thread.java:829)
... Removed 19 stack frames]]>
    </failure>
  </testcase> <!-- verify_login -->
  <testcase classname="testCases.TC_003LoginDDT" name="verify_login" time="0.063">
    <failure type="java.lang.AssertionError" message="null">
      <![CDATA[java.lang.AssertionError: null
at testCases.TC_003LoginDDT.verify_login(TC_003LoginDDT.java:61)
at java.base/java.util.ArrayList.forEach(ArrayList.java:1541)
at java.base/java.util.concurrent.FutureTask.run(FutureTask.java:264)
at java.base/java.util.concurrent.ThreadPoolExecutor.runWorker(ThreadPoolExecutor.java:1128)
at java.base/java.util.concurrent.ThreadPoolExecutor$Worker.run(ThreadPoolExecutor.java:628)
at java.base/java.lang.Thread.run(Thread.java:829)
... Removed 19 stack frames]]>
    </failure>
  </testcase> <!-- verify_login -->
  <testcase classname="testCases.TC_003LoginDDT" name="verify_login" time="0.065">
    <failure type="java.lang.AssertionError" message="null">
      <![CDATA[java.lang.AssertionError: null
at testCases.TC_003LoginDDT.verify_login(TC_003LoginDDT.java:61)
at java.base/java.util.ArrayList.forEach(ArrayList.java:1541)
at java.base/java.util.concurrent.FutureTask.run(FutureTask.java:264)
at java.base/java.util.concurrent.ThreadPoolExecutor.runWorker(ThreadPoolExecutor.java:1128)
at java.base/java.util.concurrent.ThreadPoolExecutor$Worker.run(ThreadPoolExecutor.java:628)
at java.base/java.lang.Thread.run(Thread.java:829)
... Removed 19 stack frames]]>
    </failure>
  </testcase> <!-- verify_login -->
  <testcase classname="testCases.TC_003LoginDDT" name="verify_login" time="0.055">
    <failure type="java.lang.AssertionError" message="null">
      <![CDATA[java.lang.AssertionError: null
at testCases.TC_003LoginDDT.verify_login(TC_003LoginDDT.java:61)
at java.base/java.util.ArrayList.forEach(ArrayList.java:1541)
at java.base/java.util.concurrent.FutureTask.run(FutureTask.java:264)
at java.base/java.util.concurrent.ThreadPoolExecutor.runWorker(ThreadPoolExecutor.java:1128)
at java.base/java.util.concurrent.ThreadPoolExecutor$Worker.run(ThreadPoolExecutor.java:628)
at java.base/java.lang.Thread.run(Thread.java:829)
... Removed 19 stack frames]]>
    </failure>
  </testcase> <!-- verify_login -->
  <testcase classname="testCases.TC_003LoginDDT" name="verify_login" time="0.078">
    <failure type="java.lang.AssertionError" message="null">
      <![CDATA[java.lang.AssertionError: null
at testCases.TC_003LoginDDT.verify_login(TC_003LoginDDT.java:61)
at java.base/java.util.ArrayList.forEach(ArrayList.java:1541)
at java.base/java.util.concurrent.FutureTask.run(FutureTask.java:264)
at java.base/java.util.concurrent.ThreadPoolExecutor.runWorker(ThreadPoolExecutor.java:1128)
at java.base/java.util.concurrent.ThreadPoolExecutor$Worker.run(ThreadPoolExecutor.java:628)
at java.base/java.lang.Thread.run(Thread.java:829)
... Removed 19 stack frames]]>
    </failure>
  </testcase> <!-- verify_login -->
</testsuite> <!-- Linux-Chrome -->
