<?xml version="1.0" encoding="UTF-8"?>
<!-- Generated by org.testng.reporters.JUnitXMLReporter -->
<testsuite ignored="2" hostname="VINODHs-MacBook-Pro.local" failures="0" tests="1" name="Test" time="20.731" errors="0" timestamp="2026-05-17T20:33:16 IST">
  <testcase classname="testCases.TC_002LoginTest" name="verify_login" time="15.909"/>
  <testcase classname="testCases.TC001_AccountRegistrationTest" name="verifyAccountCreation" time="0.0">
    <ignored/>
  </testcase> <!-- verifyAccountCreation -->
  <testcase classname="testCases.TC_003LoginDDT" name="verify_login" time="0.0">
    <ignored/>
  </testcase> <!-- verify_login -->
</testsuite> <!-- Test -->
