<?xml version="1.0" encoding="UTF-8"?>
<testng-results ignored="0" total="2" passed="2" failed="0" skipped="0">
  <reporter-output>
  </reporter-output>
  <suite started-at="2026-05-19T17:10:26 IST" name="Suite" finished-at="2026-05-19T17:11:16 IST" duration-ms="49782">
    <groups>
      <group name="regression">
        <method signature="TC001_AccountRegistrationTest.verifyAccountCreation()[pri:0, instance:testCases.TC001_AccountRegistrationTest@49c386c8]" name="verifyAccountCreation" class="testCases.TC001_AccountRegistrationTest"/>
      </group> <!-- regression -->
      <group name="sanity">
        <method signature="TC_002LoginTest.verify_login()[pri:0, instance:testCases.TC_002LoginTest@1ed1993a]" name="verify_login" class="testCases.TC_002LoginTest"/>
      </group> <!-- sanity -->
      <group name="master">
        <method signature="TC001_AccountRegistrationTest.verifyAccountCreation()[pri:0, instance:testCases.TC001_AccountRegistrationTest@49c386c8]" name="verifyAccountCreation" class="testCases.TC001_AccountRegistrationTest"/>
        <method signature="TC_002LoginTest.verify_login()[pri:0, instance:testCases.TC_002LoginTest@1ed1993a]" name="verify_login" class="testCases.TC_002LoginTest"/>
      </group> <!-- master -->
    </groups>
    <test started-at="2026-05-19T17:10:26 IST" name="Test2" finished-at="2026-05-19T17:11:16 IST" duration-ms="49782">
      <class name="testCases.TC001_AccountRegistrationTest">
        <test-method is-config="true" signature="setup(java.lang.String,java.lang.String)[pri:0, instance:testCases.TC001_AccountRegistrationTest@49c386c8]" started-at="2026-05-19T17:10:26 IST" name="setup" finished-at="2026-05-19T17:10:33 IST" duration-ms="7175" status="PASS">
          <params>
            <param index="0">
              <value>
                <![CDATA[mac]]>
              </value>
            </param>
            <param index="1">
              <value>
                <![CDATA[chrome]]>
              </value>
            </param>
          </params>
          <reporter-output>
          </reporter-output>
        </test-method> <!-- setup -->
        <test-method signature="verifyAccountCreation()[pri:0, instance:testCases.TC001_AccountRegistrationTest@49c386c8]" started-at="2026-05-19T17:10:33 IST" name="verifyAccountCreation" finished-at="2026-05-19T17:10:51 IST" duration-ms="18034" status="PASS">
          <reporter-output>
          </reporter-output>
        </test-method> <!-- verifyAccountCreation -->
      </class> <!-- testCases.TC001_AccountRegistrationTest -->
      <class name="testCases.TC_002LoginTest">
        <test-method is-config="true" signature="setup(java.lang.String,java.lang.String)[pri:0, instance:testCases.TC_002LoginTest@1ed1993a]" started-at="2026-05-19T17:10:51 IST" name="setup" finished-at="2026-05-19T17:11:00 IST" duration-ms="8332" status="PASS">
          <params>
            <param index="0">
              <value>
                <![CDATA[mac]]>
              </value>
            </param>
            <param index="1">
              <value>
                <![CDATA[chrome]]>
              </value>
            </param>
          </params>
          <reporter-output>
          </reporter-output>
        </test-method> <!-- setup -->
        <test-method signature="verify_login()[pri:0, instance:testCases.TC_002LoginTest@1ed1993a]" started-at="2026-05-19T17:11:00 IST" name="verify_login" finished-at="2026-05-19T17:11:16 IST" duration-ms="15855" status="PASS">
          <reporter-output>
          </reporter-output>
        </test-method> <!-- verify_login -->
      </class> <!-- testCases.TC_002LoginTest -->
    </test> <!-- Test2 -->
  </suite> <!-- Suite -->
</testng-results>
