<?xml version="1.0" encoding="UTF-8"?>
<testng-results ignored="0" total="2" passed="2" failed="0" skipped="0">
  <reporter-output>
  </reporter-output>
  <suite started-at="2026-05-19T16:50:20 IST" name="Suite" finished-at="2026-05-19T16:51:10 IST" duration-ms="49443">
    <groups>
      <group name="regression">
        <method signature="TC001_AccountRegistrationTest.verifyAccountCreation()[pri:0, instance:testCases.TC001_AccountRegistrationTest@7a5ceedd]" name="verifyAccountCreation" class="testCases.TC001_AccountRegistrationTest"/>
      </group> <!-- regression -->
      <group name="sanity">
        <method signature="TC_002LoginTest.verify_login()[pri:0, instance:testCases.TC_002LoginTest@2ab4bc72]" name="verify_login" class="testCases.TC_002LoginTest"/>
      </group> <!-- sanity -->
      <group name="master">
        <method signature="TC001_AccountRegistrationTest.verifyAccountCreation()[pri:0, instance:testCases.TC001_AccountRegistrationTest@7a5ceedd]" name="verifyAccountCreation" class="testCases.TC001_AccountRegistrationTest"/>
        <method signature="TC_002LoginTest.verify_login()[pri:0, instance:testCases.TC_002LoginTest@2ab4bc72]" name="verify_login" class="testCases.TC_002LoginTest"/>
      </group> <!-- master -->
    </groups>
    <test started-at="2026-05-19T16:50:20 IST" name="Test2" finished-at="2026-05-19T16:51:10 IST" duration-ms="49443">
      <class name="testCases.TC001_AccountRegistrationTest">
        <test-method is-config="true" signature="setup(java.lang.String,java.lang.String)[pri:0, instance:testCases.TC001_AccountRegistrationTest@7a5ceedd]" started-at="2026-05-19T16:50:21 IST" name="setup" finished-at="2026-05-19T16:50:28 IST" duration-ms="7656" status="PASS">
          <params>
            <param index="0">
              <value>
                <![CDATA[mac]]>
              </value>
            </param>
            <param index="1">
              <value>
                <![CDATA[chrome]]>
              </value>
            </param>
          </params>
          <reporter-output>
          </reporter-output>
        </test-method> <!-- setup -->
        <test-method signature="verifyAccountCreation()[pri:0, instance:testCases.TC001_AccountRegistrationTest@7a5ceedd]" started-at="2026-05-19T16:50:28 IST" name="verifyAccountCreation" finished-at="2026-05-19T16:50:47 IST" duration-ms="18932" status="PASS">
          <reporter-output>
          </reporter-output>
        </test-method> <!-- verifyAccountCreation -->
      </class> <!-- testCases.TC001_AccountRegistrationTest -->
      <class name="testCases.TC_002LoginTest">
        <test-method is-config="true" signature="setup(java.lang.String,java.lang.String)[pri:0, instance:testCases.TC_002LoginTest@2ab4bc72]" started-at="2026-05-19T16:50:47 IST" name="setup" finished-at="2026-05-19T16:50:54 IST" duration-ms="6482" status="PASS">
          <params>
            <param index="0">
              <value>
                <![CDATA[mac]]>
              </value>
            </param>
            <param index="1">
              <value>
                <![CDATA[chrome]]>
              </value>
            </param>
          </params>
          <reporter-output>
          </reporter-output>
        </test-method> <!-- setup -->
        <test-method signature="verify_login()[pri:0, instance:testCases.TC_002LoginTest@2ab4bc72]" started-at="2026-05-19T16:50:54 IST" name="verify_login" finished-at="2026-05-19T16:51:10 IST" duration-ms="15948" status="PASS">
          <reporter-output>
          </reporter-output>
        </test-method> <!-- verify_login -->
      </class> <!-- testCases.TC_002LoginTest -->
    </test> <!-- Test2 -->
  </suite> <!-- Suite -->
</testng-results>
